<?xml version="1.0" encoding="UTF-8"?>
<testsuite xmlns:xsi="http://www.w3.org/2001/XMLSchema-instance" xsi:noNamespaceSchemaLocation="https://maven.apache.org/surefire/maven-surefire-plugin/xsd/surefire-test-report.xsd" name="org.example.AppTest" time="0.088" tests="1" errors="0" skipped="0" failures="0">
  <properties>
    <property name="sun.desktop" value="windows"/>
    <property name="awt.toolkit" value="sun.awt.windows.WToolkit"/>
    <property name="file.encoding.pkg" value="sun.io"/>
    <property name="java.specification.version" value="1.8"/>
    <property name="sun.cpu.isalist" value="amd64"/>
    <property name="sun.jnu.encoding" value="GBK"/>
    <property name="java.class.path" value="C:\Users\ZHIWANG\Desktop\order-service\order-api\target\test-classes;C:\Users\ZHIWANG\Desktop\order-service\order-api\target\classes;D:\repository\junit\junit\4.11\junit-4.11.jar;D:\repository\org\hamcrest\hamcrest-core\1.3\hamcrest-core-1.3.jar;"/>
    <property name="java.vm.vendor" value="Oracle Corporation"/>
    <property name="sun.arch.data.model" value="64"/>
    <property name="user.variant" value=""/>
    <property name="java.vendor.url" value="http://java.oracle.com/"/>
    <property name="user.timezone" value="Asia/Shanghai"/>
    <property name="java.vm.specification.version" value="1.8"/>
    <property name="os.name" value="Windows 10"/>
    <property name="user.country" value="CN"/>
    <property name="sun.java.launcher" value="SUN_STANDARD"/>
    <property name="sun.boot.library.path" value="D:\jdk\jdk-8u161-windows-x64\jdk1.8.0_161\jre\bin"/>
    <property name="sun.java.command" value="C:\Users\ZHIWANG\AppData\Local\Temp\surefire4545147766678077695\surefirebooter8252669107130329055.jar C:\Users\ZHIWANG\AppData\Local\Temp\surefire4545147766678077695 2020-06-18T17-18-30_725-jvmRun1 surefire1265881595238281115tmp surefire_01083766639714403720tmp"/>
    <property name="surefire.test.class.path" value="C:\Users\ZHIWANG\Desktop\order-service\order-api\target\test-classes;C:\Users\ZHIWANG\Desktop\order-service\order-api\target\classes;D:\repository\junit\junit\4.11\junit-4.11.jar;D:\repository\org\hamcrest\hamcrest-core\1.3\hamcrest-core-1.3.jar;"/>
    <property name="sun.cpu.endian" value="little"/>
    <property name="user.home" value="C:\Users\ZHIWANG"/>
    <property name="user.language" value="zh"/>
    <property name="java.specification.vendor" value="Oracle Corporation"/>
    <property name="java.home" value="D:\jdk\jdk-8u161-windows-x64\jdk1.8.0_161\jre"/>
    <property name="basedir" value="C:\Users\ZHIWANG\Desktop\order-service\order-api"/>
    <property name="file.separator" value="\"/>
    <property name="line.separator" value="&#10;"/>
    <property name="java.vm.specification.vendor" value="Oracle Corporation"/>
    <property name="java.specification.name" value="Java Platform API Specification"/>
    <property name="java.awt.graphicsenv" value="sun.awt.Win32GraphicsEnvironment"/>
    <property name="surefire.real.class.path" value="C:\Users\ZHIWANG\AppData\Local\Temp\surefire4545147766678077695\surefirebooter8252669107130329055.jar"/>
    <property name="sun.boot.class.path" value="D:\jdk\jdk-8u161-windows-x64\jdk1.8.0_161\jre\lib\resources.jar;D:\jdk\jdk-8u161-windows-x64\jdk1.8.0_161\jre\lib\rt.jar;D:\jdk\jdk-8u161-windows-x64\jdk1.8.0_161\jre\lib\sunrsasign.jar;D:\jdk\jdk-8u161-windows-x64\jdk1.8.0_161\jre\lib\jsse.jar;D:\jdk\jdk-8u161-windows-x64\jdk1.8.0_161\jre\lib\jce.jar;D:\jdk\jdk-8u161-windows-x64\jdk1.8.0_161\jre\lib\charsets.jar;D:\jdk\jdk-8u161-windows-x64\jdk1.8.0_161\jre\lib\jfr.jar;D:\jdk\jdk-8u161-windows-x64\jdk1.8.0_161\jre\classes"/>
    <property name="user.script" value=""/>
    <property name="sun.management.compiler" value="HotSpot 64-Bit Tiered Compilers"/>
    <property name="java.runtime.version" value="1.8.0_161-b12"/>
    <property name="user.name" value="ZHIWANG"/>
    <property name="path.separator" value=";"/>
    <property name="os.version" value="10.0"/>
    <property name="java.endorsed.dirs" value="D:\jdk\jdk-8u161-windows-x64\jdk1.8.0_161\jre\lib\endorsed"/>
    <property name="java.runtime.name" value="Java(TM) SE Runtime Environment"/>
    <property name="file.encoding" value="GBK"/>
    <property name="java.vm.name" value="Java HotSpot(TM) 64-Bit Server VM"/>
    <property name="localRepository" value="D:\repository"/>
    <property name="java.vendor.url.bug" value="http://bugreport.sun.com/bugreport/"/>
    <property name="java.io.tmpdir" value="C:\Users\ZHIWANG\AppData\Local\Temp\"/>
    <property name="java.version" value="1.8.0_161"/>
    <property name="user.dir" value="C:\Users\ZHIWANG\Desktop\order-service\order-api"/>
    <property name="os.arch" value="amd64"/>
    <property name="java.vm.specification.name" value="Java Virtual Machine Specification"/>
    <property name="java.awt.printerjob" value="sun.awt.windows.WPrinterJob"/>
    <property name="idea.version2019.3.1" value="true"/>
    <property name="sun.os.patch.level" value=""/>
    <property name="java.library.path" value="D:\jdk\jdk-8u161-windows-x64\jdk1.8.0_161\jre\bin;C:\WINDOWS\Sun\Java\bin;C:\WINDOWS\system32;C:\WINDOWS;D:\xchell\;C:\WINDOWS\system32;C:\WINDOWS;C:\WINDOWS\System32\Wbem;C:\WINDOWS\System32\WindowsPowerShell\v1.0\;C:\Program Files (x86)\Intel\Intel(R) Management Engine Components\DAL;C:\Program Files\Intel\Intel(R) Management Engine Components\DAL;D:\git\Git\cmd;C:\WINDOWS\System32\OpenSSH\;D:\maven\apache-maven-3.5.0\bin;D:\jdk\jdk-8u161-windows-x64\jdk1.8.0_161\bin;C:\Users\ZHIWANG\AppData\Local\Microsoft\WindowsApps;C:\Users\ZHIWANG\AppData\Local\BypassRuntm;%USERPROFILE%\AppData\Local\Microsoft\WindowsApps;;."/>
    <property name="java.vm.info" value="mixed mode"/>
    <property name="java.vendor" value="Oracle Corporation"/>
    <property name="java.vm.version" value="25.161-b12"/>
    <property name="java.ext.dirs" value="D:\jdk\jdk-8u161-windows-x64\jdk1.8.0_161\jre\lib\ext;C:\WINDOWS\Sun\Java\lib\ext"/>
    <property name="sun.io.unicode.encoding" value="UnicodeLittle"/>
    <property name="maven.repo.local" value="D:\repository"/>
    <property name="java.class.version" value="52.0"/>
  </properties>
  <testcase name="shouldAnswerWithTrue" classname="org.example.AppTest" time="0.004"/>
</testsuite>